2025-08-03 15:06:12 [ERROR] uncaughtException: listen EADDRINUSE: address already in use :::3000
Error: listen EADDRINUSE: address already in use :::3000
    at Server.setupListenHandle [as _listen2] (node:net:1908:16)
    at listenInCluster (node:net:1965:12)
    at Server.listen (node:net:2067:7)
    at startServer (G:\Freelancing PROJECTS DEV\WORK\sandy\2\NEO-3\server\index.js:145:12) {"error":{"code":"EADDRINUSE","errno":-4091,"syscall":"listen","address":"::","port":3000},"stack":"Error: listen EADDRINUSE: address already in use :::3000\n    at Server.setupListenHandle [as _listen2] (node:net:1908:16)\n    at listenInCluster (node:net:1965:12)\n    at Server.listen (node:net:2067:7)\n    at startServer (G:\\Freelancing PROJECTS DEV\\WORK\\sandy\\2\\NEO-3\\server\\index.js:145:12)","exception":true,"date":"Sun Aug 03 2025 15:06:12 GMT+0530 (India Standard Time)","process":{"pid":14768,"uid":null,"gid":null,"cwd":"G:\\Freelancing PROJECTS DEV\\WORK\\sandy\\2\\NEO-3","execPath":"C:\\nvm4w\\nodejs\\node.exe","version":"v20.18.2","argv":["C:\\nvm4w\\nodejs\\node.exe","G:\\Freelancing PROJECTS DEV\\WORK\\sandy\\2\\NEO-3\\server\\index.js"],"memoryUsage":{"rss":116883456,"heapTotal":96882688,"heapUsed":69554296,"external":3552139,"arrayBuffers":66616}},"os":{"loadavg":[0,0,0],"uptime":110183.984},"trace":[{"column":16,"file":"node:net","function":"Server.setupListenHandle [as _listen2]","line":1908,"method":"setupListenHandle [as _listen2]","native":false},{"column":12,"file":"node:net","function":"listenInCluster","line":1965,"method":null,"native":false},{"column":7,"file":"node:net","function":"Server.listen","line":2067,"method":"listen","native":false},{"column":12,"file":"G:\\Freelancing PROJECTS DEV\\WORK\\sandy\\2\\NEO-3\\server\\index.js","function":"startServer","line":145,"method":null,"native":false}]}
2025-08-03 15:14:00 [ERROR] uncaughtException: listen EADDRINUSE: address already in use :::3000
Error: listen EADDRINUSE: address already in use :::3000
    at Server.setupListenHandle [as _listen2] (node:net:1908:16)
    at listenInCluster (node:net:1965:12)
    at Server.listen (node:net:2067:7)
    at startServer (G:\Freelancing PROJECTS DEV\WORK\sandy\2\NEO-3\server\index.js:145:12) {"error":{"code":"EADDRINUSE","errno":-4091,"syscall":"listen","address":"::","port":3000},"stack":"Error: listen EADDRINUSE: address already in use :::3000\n    at Server.setupListenHandle [as _listen2] (node:net:1908:16)\n    at listenInCluster (node:net:1965:12)\n    at Server.listen (node:net:2067:7)\n    at startServer (G:\\Freelancing PROJECTS DEV\\WORK\\sandy\\2\\NEO-3\\server\\index.js:145:12)","exception":true,"date":"Sun Aug 03 2025 15:14:00 GMT+0530 (India Standard Time)","process":{"pid":1940,"uid":null,"gid":null,"cwd":"G:\\Freelancing PROJECTS DEV\\WORK\\sandy\\2\\NEO-3","execPath":"C:\\nvm4w\\nodejs\\node.exe","version":"v20.18.2","argv":["C:\\nvm4w\\nodejs\\node.exe","G:\\Freelancing PROJECTS DEV\\WORK\\sandy\\2\\NEO-3\\server\\index.js"],"memoryUsage":{"rss":141684736,"heapTotal":98455552,"heapUsed":69149464,"external":3552139,"arrayBuffers":66616}},"os":{"loadavg":[0,0,0],"uptime":110651.765},"trace":[{"column":16,"file":"node:net","function":"Server.setupListenHandle [as _listen2]","line":1908,"method":"setupListenHandle [as _listen2]","native":false},{"column":12,"file":"node:net","function":"listenInCluster","line":1965,"method":null,"native":false},{"column":7,"file":"node:net","function":"Server.listen","line":2067,"method":"listen","native":false},{"column":12,"file":"G:\\Freelancing PROJECTS DEV\\WORK\\sandy\\2\\NEO-3\\server\\index.js","function":"startServer","line":145,"method":null,"native":false}]}
2025-08-03 15:30:08 [ERROR] uncaughtException: listen EADDRINUSE: address already in use :::3000
Error: listen EADDRINUSE: address already in use :::3000
    at Server.setupListenHandle [as _listen2] (node:net:1908:16)
    at listenInCluster (node:net:1965:12)
    at Server.listen (node:net:2067:7)
    at startServer (G:\Freelancing PROJECTS DEV\WORK\sandy\2\NEO-3\server\index.js:145:12) {"error":{"code":"EADDRINUSE","errno":-4091,"syscall":"listen","address":"::","port":3000},"stack":"Error: listen EADDRINUSE: address already in use :::3000\n    at Server.setupListenHandle [as _listen2] (node:net:1908:16)\n    at listenInCluster (node:net:1965:12)\n    at Server.listen (node:net:2067:7)\n    at startServer (G:\\Freelancing PROJECTS DEV\\WORK\\sandy\\2\\NEO-3\\server\\index.js:145:12)","exception":true,"date":"Sun Aug 03 2025 15:30:08 GMT+0530 (India Standard Time)","process":{"pid":1432,"uid":null,"gid":null,"cwd":"G:\\Freelancing PROJECTS DEV\\WORK\\sandy\\2\\NEO-3","execPath":"C:\\nvm4w\\nodejs\\node.exe","version":"v20.18.2","argv":["C:\\nvm4w\\nodejs\\node.exe","G:\\Freelancing PROJECTS DEV\\WORK\\sandy\\2\\NEO-3\\server\\index.js"],"memoryUsage":{"rss":141348864,"heapTotal":98455552,"heapUsed":69056160,"external":3552139,"arrayBuffers":66616}},"os":{"loadavg":[0,0,0],"uptime":111619.281},"trace":[{"column":16,"file":"node:net","function":"Server.setupListenHandle [as _listen2]","line":1908,"method":"setupListenHandle [as _listen2]","native":false},{"column":12,"file":"node:net","function":"listenInCluster","line":1965,"method":null,"native":false},{"column":7,"file":"node:net","function":"Server.listen","line":2067,"method":"listen","native":false},{"column":12,"file":"G:\\Freelancing PROJECTS DEV\\WORK\\sandy\\2\\NEO-3\\server\\index.js","function":"startServer","line":145,"method":null,"native":false}]}
2025-08-03 15:39:51 [ERROR] uncaughtException: listen EADDRINUSE: address already in use :::3000
Error: listen EADDRINUSE: address already in use :::3000
    at Server.setupListenHandle [as _listen2] (node:net:1908:16)
    at listenInCluster (node:net:1965:12)
    at Server.listen (node:net:2067:7)
    at startServer (G:\Freelancing PROJECTS DEV\WORK\sandy\2\NEO-3\server\index.js:145:12) {"error":{"code":"EADDRINUSE","errno":-4091,"syscall":"listen","address":"::","port":3000},"stack":"Error: listen EADDRINUSE: address already in use :::3000\n    at Server.setupListenHandle [as _listen2] (node:net:1908:16)\n    at listenInCluster (node:net:1965:12)\n    at Server.listen (node:net:2067:7)\n    at startServer (G:\\Freelancing PROJECTS DEV\\WORK\\sandy\\2\\NEO-3\\server\\index.js:145:12)","exception":true,"date":"Sun Aug 03 2025 15:39:51 GMT+0530 (India Standard Time)","process":{"pid":27476,"uid":null,"gid":null,"cwd":"G:\\Freelancing PROJECTS DEV\\WORK\\sandy\\2\\NEO-3","execPath":"C:\\nvm4w\\nodejs\\node.exe","version":"v20.18.2","argv":["C:\\nvm4w\\nodejs\\node.exe","G:\\Freelancing PROJECTS DEV\\WORK\\sandy\\2\\NEO-3\\server\\index.js"],"memoryUsage":{"rss":141107200,"heapTotal":98193408,"heapUsed":69625920,"external":3552139,"arrayBuffers":66616}},"os":{"loadavg":[0,0,0],"uptime":112202.64},"trace":[{"column":16,"file":"node:net","function":"Server.setupListenHandle [as _listen2]","line":1908,"method":"setupListenHandle [as _listen2]","native":false},{"column":12,"file":"node:net","function":"listenInCluster","line":1965,"method":null,"native":false},{"column":7,"file":"node:net","function":"Server.listen","line":2067,"method":"listen","native":false},{"column":12,"file":"G:\\Freelancing PROJECTS DEV\\WORK\\sandy\\2\\NEO-3\\server\\index.js","function":"startServer","line":145,"method":null,"native":false}]}
2025-08-03 15:44:15 [ERROR] uncaughtException: listen EADDRINUSE: address already in use :::3000
Error: listen EADDRINUSE: address already in use :::3000
    at Server.setupListenHandle [as _listen2] (node:net:1908:16)
    at listenInCluster (node:net:1965:12)
    at Server.listen (node:net:2067:7)
    at startServer (G:\Freelancing PROJECTS DEV\WORK\sandy\2\NEO-3\server\index.js:145:12) {"error":{"code":"EADDRINUSE","errno":-4091,"syscall":"listen","address":"::","port":3000},"stack":"Error: listen EADDRINUSE: address already in use :::3000\n    at Server.setupListenHandle [as _listen2] (node:net:1908:16)\n    at listenInCluster (node:net:1965:12)\n    at Server.listen (node:net:2067:7)\n    at startServer (G:\\Freelancing PROJECTS DEV\\WORK\\sandy\\2\\NEO-3\\server\\index.js:145:12)","exception":true,"date":"Sun Aug 03 2025 15:44:15 GMT+0530 (India Standard Time)","process":{"pid":11840,"uid":null,"gid":null,"cwd":"G:\\Freelancing PROJECTS DEV\\WORK\\sandy\\2\\NEO-3","execPath":"C:\\nvm4w\\nodejs\\node.exe","version":"v20.18.2","argv":["C:\\nvm4w\\nodejs\\node.exe","G:\\Freelancing PROJECTS DEV\\WORK\\sandy\\2\\NEO-3\\server\\index.js"],"memoryUsage":{"rss":141385728,"heapTotal":98193408,"heapUsed":69298192,"external":3552139,"arrayBuffers":66616}},"os":{"loadavg":[0,0,0],"uptime":112466.437},"trace":[{"column":16,"file":"node:net","function":"Server.setupListenHandle [as _listen2]","line":1908,"method":"setupListenHandle [as _listen2]","native":false},{"column":12,"file":"node:net","function":"listenInCluster","line":1965,"method":null,"native":false},{"column":7,"file":"node:net","function":"Server.listen","line":2067,"method":"listen","native":false},{"column":12,"file":"G:\\Freelancing PROJECTS DEV\\WORK\\sandy\\2\\NEO-3\\server\\index.js","function":"startServer","line":145,"method":null,"native":false}]}
2025-08-03 15:52:38 [ERROR] uncaughtException: listen EADDRINUSE: address already in use :::3000
Error: listen EADDRINUSE: address already in use :::3000
    at Server.setupListenHandle [as _listen2] (node:net:1908:16)
    at listenInCluster (node:net:1965:12)
    at Server.listen (node:net:2067:7)
    at startServer (G:\Freelancing PROJECTS DEV\WORK\sandy\2\NEO-3\server\index.js:145:12) {"error":{"code":"EADDRINUSE","errno":-4091,"syscall":"listen","address":"::","port":3000},"stack":"Error: listen EADDRINUSE: address already in use :::3000\n    at Server.setupListenHandle [as _listen2] (node:net:1908:16)\n    at listenInCluster (node:net:1965:12)\n    at Server.listen (node:net:2067:7)\n    at startServer (G:\\Freelancing PROJECTS DEV\\WORK\\sandy\\2\\NEO-3\\server\\index.js:145:12)","exception":true,"date":"Sun Aug 03 2025 15:52:38 GMT+0530 (India Standard Time)","process":{"pid":14616,"uid":null,"gid":null,"cwd":"G:\\Freelancing PROJECTS DEV\\WORK\\sandy\\2\\NEO-3","execPath":"C:\\nvm4w\\nodejs\\node.exe","version":"v20.18.2","argv":["C:\\nvm4w\\nodejs\\node.exe","G:\\Freelancing PROJECTS DEV\\WORK\\sandy\\2\\NEO-3\\server\\index.js"],"memoryUsage":{"rss":141451264,"heapTotal":98455552,"heapUsed":69142976,"external":3552139,"arrayBuffers":66616}},"os":{"loadavg":[0,0,0],"uptime":112969.453},"trace":[{"column":16,"file":"node:net","function":"Server.setupListenHandle [as _listen2]","line":1908,"method":"setupListenHandle [as _listen2]","native":false},{"column":12,"file":"node:net","function":"listenInCluster","line":1965,"method":null,"native":false},{"column":7,"file":"node:net","function":"Server.listen","line":2067,"method":"listen","native":false},{"column":12,"file":"G:\\Freelancing PROJECTS DEV\\WORK\\sandy\\2\\NEO-3\\server\\index.js","function":"startServer","line":145,"method":null,"native":false}]}
2025-08-03 16:07:51 [ERROR] uncaughtException: listen EADDRINUSE: address already in use :::3000
Error: listen EADDRINUSE: address already in use :::3000
    at Server.setupListenHandle [as _listen2] (node:net:1908:16)
    at listenInCluster (node:net:1965:12)
    at Server.listen (node:net:2067:7)
    at startServer (G:\Freelancing PROJECTS DEV\WORK\sandy\2\NEO-3\server\index.js:145:12) {"error":{"code":"EADDRINUSE","errno":-4091,"syscall":"listen","address":"::","port":3000},"stack":"Error: listen EADDRINUSE: address already in use :::3000\n    at Server.setupListenHandle [as _listen2] (node:net:1908:16)\n    at listenInCluster (node:net:1965:12)\n    at Server.listen (node:net:2067:7)\n    at startServer (G:\\Freelancing PROJECTS DEV\\WORK\\sandy\\2\\NEO-3\\server\\index.js:145:12)","exception":true,"date":"Sun Aug 03 2025 16:07:51 GMT+0530 (India Standard Time)","process":{"pid":15064,"uid":null,"gid":null,"cwd":"G:\\Freelancing PROJECTS DEV\\WORK\\sandy\\2\\NEO-3","execPath":"C:\\nvm4w\\nodejs\\node.exe","version":"v20.18.2","argv":["C:\\nvm4w\\nodejs\\node.exe","G:\\Freelancing PROJECTS DEV\\WORK\\sandy\\2\\NEO-3\\server\\index.js"],"memoryUsage":{"rss":141500416,"heapTotal":98455552,"heapUsed":68917448,"external":3552139,"arrayBuffers":66616}},"os":{"loadavg":[0,0,0],"uptime":113882.234},"trace":[{"column":16,"file":"node:net","function":"Server.setupListenHandle [as _listen2]","line":1908,"method":"setupListenHandle [as _listen2]","native":false},{"column":12,"file":"node:net","function":"listenInCluster","line":1965,"method":null,"native":false},{"column":7,"file":"node:net","function":"Server.listen","line":2067,"method":"listen","native":false},{"column":12,"file":"G:\\Freelancing PROJECTS DEV\\WORK\\sandy\\2\\NEO-3\\server\\index.js","function":"startServer","line":145,"method":null,"native":false}]}
2025-08-03 16:08:58 [ERROR] uncaughtException: listen EADDRINUSE: address already in use :::3000
Error: listen EADDRINUSE: address already in use :::3000
    at Server.setupListenHandle [as _listen2] (node:net:1908:16)
    at listenInCluster (node:net:1965:12)
    at Server.listen (node:net:2067:7)
    at startServer (G:\Freelancing PROJECTS DEV\WORK\sandy\2\NEO-3\server\index.js:145:12) {"error":{"code":"EADDRINUSE","errno":-4091,"syscall":"listen","address":"::","port":3000},"stack":"Error: listen EADDRINUSE: address already in use :::3000\n    at Server.setupListenHandle [as _listen2] (node:net:1908:16)\n    at listenInCluster (node:net:1965:12)\n    at Server.listen (node:net:2067:7)\n    at startServer (G:\\Freelancing PROJECTS DEV\\WORK\\sandy\\2\\NEO-3\\server\\index.js:145:12)","exception":true,"date":"Sun Aug 03 2025 16:08:58 GMT+0530 (India Standard Time)","process":{"pid":29836,"uid":null,"gid":null,"cwd":"G:\\Freelancing PROJECTS DEV\\WORK\\sandy\\2\\NEO-3","execPath":"C:\\nvm4w\\nodejs\\node.exe","version":"v20.18.2","argv":["C:\\nvm4w\\nodejs\\node.exe","G:\\Freelancing PROJECTS DEV\\WORK\\sandy\\2\\NEO-3\\server\\index.js"],"memoryUsage":{"rss":141099008,"heapTotal":98193408,"heapUsed":69012208,"external":3552139,"arrayBuffers":66616}},"os":{"loadavg":[0,0,0],"uptime":113949.984},"trace":[{"column":16,"file":"node:net","function":"Server.setupListenHandle [as _listen2]","line":1908,"method":"setupListenHandle [as _listen2]","native":false},{"column":12,"file":"node:net","function":"listenInCluster","line":1965,"method":null,"native":false},{"column":7,"file":"node:net","function":"Server.listen","line":2067,"method":"listen","native":false},{"column":12,"file":"G:\\Freelancing PROJECTS DEV\\WORK\\sandy\\2\\NEO-3\\server\\index.js","function":"startServer","line":145,"method":null,"native":false}]}
2025-08-03 16:10:00 [ERROR] uncaughtException: listen EADDRINUSE: address already in use :::3000
Error: listen EADDRINUSE: address already in use :::3000
    at Server.setupListenHandle [as _listen2] (node:net:1908:16)
    at listenInCluster (node:net:1965:12)
    at Server.listen (node:net:2067:7)
    at startServer (G:\Freelancing PROJECTS DEV\WORK\sandy\2\NEO-3\server\index.js:145:12) {"error":{"code":"EADDRINUSE","errno":-4091,"syscall":"listen","address":"::","port":3000},"stack":"Error: listen EADDRINUSE: address already in use :::3000\n    at Server.setupListenHandle [as _listen2] (node:net:1908:16)\n    at listenInCluster (node:net:1965:12)\n    at Server.listen (node:net:2067:7)\n    at startServer (G:\\Freelancing PROJECTS DEV\\WORK\\sandy\\2\\NEO-3\\server\\index.js:145:12)","exception":true,"date":"Sun Aug 03 2025 16:10:00 GMT+0530 (India Standard Time)","process":{"pid":11392,"uid":null,"gid":null,"cwd":"G:\\Freelancing PROJECTS DEV\\WORK\\sandy\\2\\NEO-3","execPath":"C:\\nvm4w\\nodejs\\node.exe","version":"v20.18.2","argv":["C:\\nvm4w\\nodejs\\node.exe","G:\\Freelancing PROJECTS DEV\\WORK\\sandy\\2\\NEO-3\\server\\index.js"],"memoryUsage":{"rss":140861440,"heapTotal":97931264,"heapUsed":69296320,"external":3552139,"arrayBuffers":66616}},"os":{"loadavg":[0,0,0],"uptime":114011.296},"trace":[{"column":16,"file":"node:net","function":"Server.setupListenHandle [as _listen2]","line":1908,"method":"setupListenHandle [as _listen2]","native":false},{"column":12,"file":"node:net","function":"listenInCluster","line":1965,"method":null,"native":false},{"column":7,"file":"node:net","function":"Server.listen","line":2067,"method":"listen","native":false},{"column":12,"file":"G:\\Freelancing PROJECTS DEV\\WORK\\sandy\\2\\NEO-3\\server\\index.js","function":"startServer","line":145,"method":null,"native":false}]}
2025-08-03 17:12:24 [ERROR] uncaughtException: write EPIPE
Error: write EPIPE
    at afterWriteDispatched (node:internal/stream_base_commons:161:15)
    at writeGeneric (node:internal/stream_base_commons:152:3)
    at Socket._writeGeneric (node:net:958:11)
    at Socket._write (node:net:970:8)
    at doWrite (node:internal/streams/writable:598:12)
    at clearBuffer (node:internal/streams/writable:783:7)
    at onwrite (node:internal/streams/writable:653:7)
    at WriteWrap.onWriteComplete [as oncomplete] (node:internal/stream_base_commons:107:10) {"error":{"errno":-4047,"code":"EPIPE","syscall":"write"},"stack":"Error: write EPIPE\n    at afterWriteDispatched (node:internal/stream_base_commons:161:15)\n    at writeGeneric (node:internal/stream_base_commons:152:3)\n    at Socket._writeGeneric (node:net:958:11)\n    at Socket._write (node:net:970:8)\n    at doWrite (node:internal/streams/writable:598:12)\n    at clearBuffer (node:internal/streams/writable:783:7)\n    at onwrite (node:internal/streams/writable:653:7)\n    at WriteWrap.onWriteComplete [as oncomplete] (node:internal/stream_base_commons:107:10)","exception":true,"date":"Sun Aug 03 2025 17:12:24 GMT+0530 (India Standard Time)","process":{"pid":26328,"uid":null,"gid":null,"cwd":"G:\\Freelancing PROJECTS DEV\\WORK\\sandy\\2\\NEO-3","execPath":"C:\\nvm4w\\nodejs\\node.exe","version":"v20.18.2","argv":["C:\\nvm4w\\nodejs\\node.exe","G:\\Freelancing PROJECTS DEV\\WORK\\sandy\\2\\NEO-3\\server\\index.js"],"memoryUsage":{"rss":146157568,"heapTotal":97116160,"heapUsed":91274384,"external":3749315,"arrayBuffers":267443}},"os":{"loadavg":[0,0,0],"uptime":117755.765},"trace":[{"column":15,"file":"node:internal/stream_base_commons","function":"afterWriteDispatched","line":161,"method":null,"native":false},{"column":3,"file":"node:internal/stream_base_commons","function":"writeGeneric","line":152,"method":null,"native":false},{"column":11,"file":"node:net","function":"Socket._writeGeneric","line":958,"method":"_writeGeneric","native":false},{"column":8,"file":"node:net","function":"Socket._write","line":970,"method":"_write","native":false},{"column":12,"file":"node:internal/streams/writable","function":"doWrite","line":598,"method":null,"native":false},{"column":7,"file":"node:internal/streams/writable","function":"clearBuffer","line":783,"method":null,"native":false},{"column":7,"file":"node:internal/streams/writable","function":"onwrite","line":653,"method":null,"native":false},{"column":10,"file":"node:internal/stream_base_commons","function":"WriteWrap.onWriteComplete [as oncomplete]","line":107,"method":"onWriteComplete [as oncomplete]","native":false}]}
2025-08-03 17:40:07 [ERROR] uncaughtException: write EPIPE
Error: write EPIPE
    at afterWriteDispatched (node:internal/stream_base_commons:161:15)
    at writeGeneric (node:internal/stream_base_commons:152:3)
    at Socket._writeGeneric (node:net:958:11)
    at Socket._write (node:net:970:8)
    at doWrite (node:internal/streams/writable:598:12)
    at clearBuffer (node:internal/streams/writable:783:7)
    at onwrite (node:internal/streams/writable:653:7)
    at WriteWrap.onWriteComplete [as oncomplete] (node:internal/stream_base_commons:107:10) {"error":{"errno":-4047,"code":"EPIPE","syscall":"write"},"stack":"Error: write EPIPE\n    at afterWriteDispatched (node:internal/stream_base_commons:161:15)\n    at writeGeneric (node:internal/stream_base_commons:152:3)\n    at Socket._writeGeneric (node:net:958:11)\n    at Socket._write (node:net:970:8)\n    at doWrite (node:internal/streams/writable:598:12)\n    at clearBuffer (node:internal/streams/writable:783:7)\n    at onwrite (node:internal/streams/writable:653:7)\n    at WriteWrap.onWriteComplete [as oncomplete] (node:internal/stream_base_commons:107:10)","exception":true,"date":"Sun Aug 03 2025 17:40:07 GMT+0530 (India Standard Time)","process":{"pid":27636,"uid":null,"gid":null,"cwd":"G:\\Freelancing PROJECTS DEV\\WORK\\sandy\\2\\NEO-3","execPath":"C:\\nvm4w\\nodejs\\node.exe","version":"v20.18.2","argv":["C:\\nvm4w\\nodejs\\node.exe","G:\\Freelancing PROJECTS DEV\\WORK\\sandy\\2\\NEO-3\\server\\index.js"],"memoryUsage":{"rss":153227264,"heapTotal":103399424,"heapUsed":95208960,"external":3790857,"arrayBuffers":89955}},"os":{"loadavg":[0,0,0],"uptime":119418.093},"trace":[{"column":15,"file":"node:internal/stream_base_commons","function":"afterWriteDispatched","line":161,"method":null,"native":false},{"column":3,"file":"node:internal/stream_base_commons","function":"writeGeneric","line":152,"method":null,"native":false},{"column":11,"file":"node:net","function":"Socket._writeGeneric","line":958,"method":"_writeGeneric","native":false},{"column":8,"file":"node:net","function":"Socket._write","line":970,"method":"_write","native":false},{"column":12,"file":"node:internal/streams/writable","function":"doWrite","line":598,"method":null,"native":false},{"column":7,"file":"node:internal/streams/writable","function":"clearBuffer","line":783,"method":null,"native":false},{"column":7,"file":"node:internal/streams/writable","function":"onwrite","line":653,"method":null,"native":false},{"column":10,"file":"node:internal/stream_base_commons","function":"WriteWrap.onWriteComplete [as oncomplete]","line":107,"method":"onWriteComplete [as oncomplete]","native":false}]}
